  [1m[35m (0.1ms)[0m  [1m[34mSELECT sqlite_version(*)[0m
  [1m[35m (1.0ms)[0m  [1m[35mCREATE TABLE "schema_migrations" ("version" varchar NOT NULL PRIMARY KEY)[0m
  [1m[35m (1.2ms)[0m  [1m[35mCREATE TABLE "ar_internal_metadata" ("key" varchar NOT NULL PRIMARY KEY, "value" varchar, "created_at" datetime NOT NULL, "updated_at" datetime NOT NULL)[0m
  [1m[35m (0.3ms)[0m  [1m[34mSELECT "schema_migrations"."version" FROM "schema_migrations" ORDER BY "schema_migrations"."version" ASC[0m
Migrating to CreateUsers (20170720085412)
  [1m[35m (0.2ms)[0m  [1m[36mbegin transaction[0m
  [1m[35m (0.5ms)[0m  [1m[35mCREATE TABLE "users" ("id" INTEGER PRIMARY KEY AUTOINCREMENT NOT NULL, "username" varchar, "firstname" varchar, "lastname" varchar, "created_at" datetime NOT NULL, "updated_at" datetime NOT NULL)[0m
  [1m[35mSQL (0.2ms)[0m  [1m[32mINSERT INTO "schema_migrations" ("version") VALUES (?)[0m  [["version", "20170720085412"]]
  [1m[35m (0.7ms)[0m  [1m[36mcommit transaction[0m
  [1m[36mActiveRecord::InternalMetadata Load (0.3ms)[0m  [1m[34mSELECT  "ar_internal_metadata".* FROM "ar_internal_metadata" WHERE "ar_internal_metadata"."key" = ? LIMIT ?[0m  [["key", "environment"], ["LIMIT", 1]]
  [1m[35m (0.1ms)[0m  [1m[36mbegin transaction[0m
  [1m[35mSQL (0.3ms)[0m  [1m[32mINSERT INTO "ar_internal_metadata" ("key", "value", "created_at", "updated_at") VALUES (?, ?, ?, ?)[0m  [["key", "environment"], ["value", "development"], ["created_at", "2017-07-20 08:57:12.615695"], ["updated_at", "2017-07-20 08:57:12.615695"]]
  [1m[35m (0.7ms)[0m  [1m[36mcommit transaction[0m
  [1m[35m (0.2ms)[0m  [1m[34mSELECT "schema_migrations"."version" FROM "schema_migrations" ORDER BY "schema_migrations"."version" ASC[0m
  [1m[35m (0.1ms)[0m  [1m[34mSELECT "schema_migrations"."version" FROM "schema_migrations" ORDER BY "schema_migrations"."version" ASC[0m
  [1m[35m (0.1ms)[0m  [1m[35mTRUNCATE users RESTART IDENTITY CASCADE[0m
  [1m[35m (1.9ms)[0m  [1m[35mDROP DATABASE IF EXISTS "final_project_api_development"[0m
  [1m[35m (0.2ms)[0m  [1m[35mDROP DATABASE IF EXISTS "final_project_api_test"[0m
  [1m[35m (355.7ms)[0m  [1m[35mCREATE DATABASE "final_project_api_development" ENCODING = 'unicode'[0m
  [1m[35m (250.8ms)[0m  [1m[35mCREATE DATABASE "final_project_api_test" ENCODING = 'unicode'[0m
  [1m[35m (14.8ms)[0m  [1m[35mCREATE TABLE "schema_migrations" ("version" character varying NOT NULL PRIMARY KEY)[0m
  [1m[35m (3.4ms)[0m  [1m[35mCREATE TABLE "ar_internal_metadata" ("key" character varying NOT NULL PRIMARY KEY, "value" character varying, "created_at" timestamp NOT NULL, "updated_at" timestamp NOT NULL)[0m
  [1m[35m (0.8ms)[0m  [1m[34mSELECT pg_try_advisory_lock(1347200930821886805);[0m
  [1m[35m (1.9ms)[0m  [1m[34mSELECT "schema_migrations"."version" FROM "schema_migrations" ORDER BY "schema_migrations"."version" ASC[0m
Migrating to CreateUsers (20170720085412)
  [1m[35m (0.3ms)[0m  [1m[35mBEGIN[0m
  [1m[35m (5.3ms)[0m  [1m[35mCREATE TABLE "users" ("id" bigserial primary key, "username" character varying, "firstname" character varying, "lastname" character varying, "created_at" timestamp NOT NULL, "updated_at" timestamp NOT NULL)[0m
  [1m[35mSQL (1.1ms)[0m  [1m[32mINSERT INTO "schema_migrations" ("version") VALUES ($1) RETURNING "version"[0m  [["version", "20170720085412"]]
  [1m[35m (0.5ms)[0m  [1m[35mCOMMIT[0m
  [1m[36mActiveRecord::InternalMetadata Load (0.4ms)[0m  [1m[34mSELECT  "ar_internal_metadata".* FROM "ar_internal_metadata" WHERE "ar_internal_metadata"."key" = $1 LIMIT $2[0m  [["key", "environment"], ["LIMIT", 1]]
  [1m[35m (0.2ms)[0m  [1m[35mBEGIN[0m
  [1m[35mSQL (1.1ms)[0m  [1m[32mINSERT INTO "ar_internal_metadata" ("key", "value", "created_at", "updated_at") VALUES ($1, $2, $3, $4) RETURNING "key"[0m  [["key", "environment"], ["value", "development"], ["created_at", "2017-07-20 09:00:18.172560"], ["updated_at", "2017-07-20 09:00:18.172560"]]
  [1m[35m (0.4ms)[0m  [1m[35mCOMMIT[0m
  [1m[35m (0.2ms)[0m  [1m[34mSELECT pg_advisory_unlock(1347200930821886805)[0m
  [1m[35m (1.3ms)[0m  [1m[34mSELECT "schema_migrations"."version" FROM "schema_migrations" ORDER BY "schema_migrations"."version" ASC[0m
  [1m[35m (0.3ms)[0m  [1m[34mSELECT "schema_migrations"."version" FROM "schema_migrations" ORDER BY "schema_migrations"."version" ASC[0m
  [1m[35m (3.9ms)[0m  [1m[35mTRUNCATE users RESTART IDENTITY CASCADE[0m
  [1m[35m (0.6ms)[0m  [1m[35mBEGIN[0m
  [1m[35mSQL (0.9ms)[0m  [1m[32mINSERT INTO "users" ("username", "firstname", "lastname", "created_at", "updated_at") VALUES ($1, $2, $3, $4, $5) RETURNING "id"[0m  [["username", "mickyginger"], ["firstname", "Mike"], ["lastname", "Hayden"], ["created_at", "2017-07-20 09:00:18.234601"], ["updated_at", "2017-07-20 09:00:18.234601"]]
  [1m[35m (0.4ms)[0m  [1m[35mCOMMIT[0m
  [1m[35m (0.1ms)[0m  [1m[35mBEGIN[0m
  [1m[35mSQL (0.3ms)[0m  [1m[32mINSERT INTO "users" ("username", "firstname", "lastname", "created_at", "updated_at") VALUES ($1, $2, $3, $4, $5) RETURNING "id"[0m  [["username", "eisacke"], ["firstname", "Emily"], ["lastname", "Isacke"], ["created_at", "2017-07-20 09:00:18.238069"], ["updated_at", "2017-07-20 09:00:18.238069"]]
  [1m[35m (0.3ms)[0m  [1m[35mCOMMIT[0m
  [1m[35m (0.1ms)[0m  [1m[35mBEGIN[0m
  [1m[35mSQL (0.3ms)[0m  [1m[32mINSERT INTO "users" ("username", "firstname", "lastname", "created_at", "updated_at") VALUES ($1, $2, $3, $4, $5) RETURNING "id"[0m  [["username", "markyjangles"], ["firstname", "Marc"], ["lastname", "De Vois"], ["created_at", "2017-07-20 09:00:18.240029"], ["updated_at", "2017-07-20 09:00:18.240029"]]
  [1m[35m (0.3ms)[0m  [1m[35mCOMMIT[0m
Started GET "/api/users" for 127.0.0.1 at 2017-07-20 10:00:32 +0100
  [1m[35m (1.1ms)[0m  [1m[34mSELECT "schema_migrations"."version" FROM "schema_migrations" ORDER BY "schema_migrations"."version" ASC[0m
Processing by UsersController#index as */*
  Parameters: {"user"=>{}}
  [1m[36mUser Load (0.5ms)[0m  [1m[34mSELECT "users".* FROM "users"[0m
Completed 200 OK in 13ms (Views: 8.5ms | ActiveRecord: 7.1ms)


  [1m[35m (1.3ms)[0m  [1m[34mSELECT "schema_migrations"."version" FROM "schema_migrations" ORDER BY "schema_migrations"."version" ASC[0m
  [1m[35m (1.1ms)[0m  [1m[34mSELECT "ar_internal_metadata"."value" FROM "ar_internal_metadata" WHERE "ar_internal_metadata"."key" = $1[0m  [["key", "environment"]]
  [1m[35m (0.3ms)[0m  [1m[34mSELECT "schema_migrations"."version" FROM "schema_migrations" ORDER BY "schema_migrations"."version" ASC[0m
  [1m[35m (0.2ms)[0m  [1m[34mSELECT "ar_internal_metadata"."value" FROM "ar_internal_metadata" WHERE "ar_internal_metadata"."key" = $1[0m  [["key", "environment"]]
  [1m[35m (0.4ms)[0m  [1m[34mSELECT "schema_migrations"."version" FROM "schema_migrations" ORDER BY "schema_migrations"."version" ASC[0m
  [1m[35m (0.2ms)[0m  [1m[34mSELECT "ar_internal_metadata"."value" FROM "ar_internal_metadata" WHERE "ar_internal_metadata"."key" = $1[0m  [["key", "environment"]]
  [1m[35m (126.3ms)[0m  [1m[35mDROP DATABASE IF EXISTS "final_project_api_development"[0m
  [1m[35m (124.0ms)[0m  [1m[35mDROP DATABASE IF EXISTS "final_project_api_test"[0m
  [1m[35m (4.9ms)[0m  [1m[35mCREATE TABLE "schema_migrations" ("version" character varying NOT NULL PRIMARY KEY)[0m
  [1m[35m (2.9ms)[0m  [1m[35mCREATE TABLE "ar_internal_metadata" ("key" character varying NOT NULL PRIMARY KEY, "value" character varying, "created_at" timestamp NOT NULL, "updated_at" timestamp NOT NULL)[0m
  [1m[35m (0.2ms)[0m  [1m[34mSELECT pg_try_advisory_lock(1347200930821886805);[0m
  [1m[35m (0.8ms)[0m  [1m[34mSELECT "schema_migrations"."version" FROM "schema_migrations" ORDER BY "schema_migrations"."version" ASC[0m
Migrating to CreateUsers (20170720085412)
  [1m[35m (0.1ms)[0m  [1m[35mBEGIN[0m
  [1m[35m (5.0ms)[0m  [1m[35mCREATE TABLE "users" ("id" bigserial primary key, "username" character varying, "firstname" character varying, "lastname" character varying, "created_at" timestamp NOT NULL, "updated_at" timestamp NOT NULL)[0m
  [1m[35mSQL (0.5ms)[0m  [1m[32mINSERT INTO "schema_migrations" ("version") VALUES ($1) RETURNING "version"[0m  [["version", "20170720085412"]]
  [1m[35m (0.5ms)[0m  [1m[35mCOMMIT[0m
  [1m[36mActiveRecord::InternalMetadata Load (0.4ms)[0m  [1m[34mSELECT  "ar_internal_metadata".* FROM "ar_internal_metadata" WHERE "ar_internal_metadata"."key" = $1 LIMIT $2[0m  [["key", "environment"], ["LIMIT", 1]]
  [1m[35m (0.2ms)[0m  [1m[35mBEGIN[0m
  [1m[35mSQL (0.7ms)[0m  [1m[32mINSERT INTO "ar_internal_metadata" ("key", "value", "created_at", "updated_at") VALUES ($1, $2, $3, $4) RETURNING "key"[0m  [["key", "environment"], ["value", "development"], ["created_at", "2017-07-20 09:01:27.884022"], ["updated_at", "2017-07-20 09:01:27.884022"]]
  [1m[35m (0.4ms)[0m  [1m[35mCOMMIT[0m
  [1m[35m (0.2ms)[0m  [1m[34mSELECT pg_advisory_unlock(1347200930821886805)[0m
  [1m[35m (0.3ms)[0m  [1m[34mSELECT "schema_migrations"."version" FROM "schema_migrations" ORDER BY "schema_migrations"."version" ASC[0m
  [1m[35m (1.3ms)[0m  [1m[34mSELECT "schema_migrations"."version" FROM "schema_migrations" ORDER BY "schema_migrations"."version" ASC[0m
  [1m[35m (0.2ms)[0m  [1m[34mSELECT pg_try_advisory_lock(1347200930821886805);[0m
  [1m[35m (0.2ms)[0m  [1m[34mSELECT "schema_migrations"."version" FROM "schema_migrations" ORDER BY "schema_migrations"."version" ASC[0m
Migrating to CreateUsers (20170720085412)
  [1m[35m (0.2ms)[0m  [1m[35mBEGIN[0m
  [1m[35m (5.2ms)[0m  [1m[35mDROP TABLE "users"[0m
  [1m[35mSQL (1.6ms)[0m  [1m[31mDELETE FROM "schema_migrations" WHERE "schema_migrations"."version" = $1[0m  [["version", "20170720085412"]]
  [1m[35m (1.8ms)[0m  [1m[35mCOMMIT[0m
  [1m[35m (0.3ms)[0m  [1m[34mSELECT pg_advisory_unlock(1347200930821886805)[0m
  [1m[35m (0.4ms)[0m  [1m[34mSELECT "schema_migrations"."version" FROM "schema_migrations" ORDER BY "schema_migrations"."version" ASC[0m
  [1m[35m (0.7ms)[0m  [1m[34mSELECT "schema_migrations"."version" FROM "schema_migrations" ORDER BY "schema_migrations"."version" ASC[0m
  [1m[35m (0.3ms)[0m  [1m[34mSELECT "schema_migrations"."version" FROM "schema_migrations" ORDER BY "schema_migrations"."version" ASC[0m
  [1m[35m (124.7ms)[0m  [1m[35mDROP DATABASE IF EXISTS "final_project_api_development"[0m
  [1m[35m (124.5ms)[0m  [1m[35mDROP DATABASE IF EXISTS "final_project_api_test"[0m
  [1m[35m (0.2ms)[0m  [1m[35mDROP DATABASE IF EXISTS "final_project_api_development"[0m
  [1m[35m (0.1ms)[0m  [1m[35mDROP DATABASE IF EXISTS "final_project_api_test"[0m
  [1m[35m (249.8ms)[0m  [1m[35mCREATE DATABASE "final_project_api_development" ENCODING = 'unicode'[0m
  [1m[35m (251.8ms)[0m  [1m[35mCREATE DATABASE "final_project_api_test" ENCODING = 'unicode'[0m
  [1m[35m (13.8ms)[0m  [1m[35mCREATE TABLE "schema_migrations" ("version" character varying NOT NULL PRIMARY KEY)[0m
  [1m[35m (7.5ms)[0m  [1m[35mCREATE TABLE "ar_internal_metadata" ("key" character varying NOT NULL PRIMARY KEY, "value" character varying, "created_at" timestamp NOT NULL, "updated_at" timestamp NOT NULL)[0m
  [1m[35m (0.3ms)[0m  [1m[34mSELECT pg_try_advisory_lock(1347200930821886805);[0m
  [1m[35m (1.2ms)[0m  [1m[34mSELECT "schema_migrations"."version" FROM "schema_migrations" ORDER BY "schema_migrations"."version" ASC[0m
Migrating to CreateUsers (20170720085412)
  [1m[35m (0.2ms)[0m  [1m[35mBEGIN[0m
  [1m[35m (5.9ms)[0m  [1m[35mCREATE TABLE "users" ("id" bigserial primary key, "username" character varying, "firstname" character varying, "lastname" character varying, "created_at" timestamp NOT NULL, "updated_at" timestamp NOT NULL)[0m
  [1m[35mSQL (0.6ms)[0m  [1m[32mINSERT INTO "schema_migrations" ("version") VALUES ($1) RETURNING "version"[0m  [["version", "20170720085412"]]
  [1m[35m (0.4ms)[0m  [1m[35mCOMMIT[0m
  [1m[36mActiveRecord::InternalMetadata Load (0.4ms)[0m  [1m[34mSELECT  "ar_internal_metadata".* FROM "ar_internal_metadata" WHERE "ar_internal_metadata"."key" = $1 LIMIT $2[0m  [["key", "environment"], ["LIMIT", 1]]
  [1m[35m (4.4ms)[0m  [1m[35mBEGIN[0m
  [1m[35mSQL (0.8ms)[0m  [1m[32mINSERT INTO "ar_internal_metadata" ("key", "value", "created_at", "updated_at") VALUES ($1, $2, $3, $4) RETURNING "key"[0m  [["key", "environment"], ["value", "development"], ["created_at", "2017-07-20 09:06:46.070638"], ["updated_at", "2017-07-20 09:06:46.070638"]]
  [1m[35m (0.6ms)[0m  [1m[35mCOMMIT[0m
  [1m[35m (0.6ms)[0m  [1m[34mSELECT pg_advisory_unlock(1347200930821886805)[0m
  [1m[35m (0.6ms)[0m  [1m[34mSELECT "schema_migrations"."version" FROM "schema_migrations" ORDER BY "schema_migrations"."version" ASC[0m
  [1m[35m (0.5ms)[0m  [1m[34mSELECT "schema_migrations"."version" FROM "schema_migrations" ORDER BY "schema_migrations"."version" ASC[0m
  [1m[35m (3.6ms)[0m  [1m[35mTRUNCATE users RESTART IDENTITY CASCADE[0m
  [1m[35m (0.2ms)[0m  [1m[35mBEGIN[0m
  [1m[35mSQL (1.2ms)[0m  [1m[32mINSERT INTO "users" ("username", "firstname", "lastname", "created_at", "updated_at") VALUES ($1, $2, $3, $4, $5) RETURNING "id"[0m  [["username", "mickyginger"], ["firstname", "Mike"], ["lastname", "Hayden"], ["created_at", "2017-07-20 09:06:46.148104"], ["updated_at", "2017-07-20 09:06:46.148104"]]
  [1m[35m (0.4ms)[0m  [1m[35mCOMMIT[0m
  [1m[35m (0.1ms)[0m  [1m[35mBEGIN[0m
  [1m[35mSQL (0.5ms)[0m  [1m[32mINSERT INTO "users" ("username", "firstname", "lastname", "created_at", "updated_at") VALUES ($1, $2, $3, $4, $5) RETURNING "id"[0m  [["username", "eisacke"], ["firstname", "Emily"], ["lastname", "Isacke"], ["created_at", "2017-07-20 09:06:46.152357"], ["updated_at", "2017-07-20 09:06:46.152357"]]
  [1m[35m (0.4ms)[0m  [1m[35mCOMMIT[0m
  [1m[35m (0.1ms)[0m  [1m[35mBEGIN[0m
  [1m[35mSQL (0.5ms)[0m  [1m[32mINSERT INTO "users" ("username", "firstname", "lastname", "created_at", "updated_at") VALUES ($1, $2, $3, $4, $5) RETURNING "id"[0m  [["username", "markyjangles"], ["firstname", "Marc"], ["lastname", "De Vois"], ["created_at", "2017-07-20 09:06:46.155031"], ["updated_at", "2017-07-20 09:06:46.155031"]]
  [1m[35m (0.4ms)[0m  [1m[35mCOMMIT[0m
Started GET "/api/users" for 127.0.0.1 at 2017-07-20 10:07:54 +0100
  [1m[35m (1.1ms)[0m  [1m[34mSELECT "schema_migrations"."version" FROM "schema_migrations" ORDER BY "schema_migrations"."version" ASC[0m
Processing by UsersController#index as HTML
  [1m[36mUser Load (0.7ms)[0m  [1m[34mSELECT "users".* FROM "users"[0m
Completed 200 OK in 20ms (Views: 10.4ms | ActiveRecord: 6.8ms)


Started GET "/api/users" for 127.0.0.1 at 2017-07-20 10:08:40 +0100
Processing by UsersController#index as HTML
  [1m[36mUser Load (0.8ms)[0m  [1m[34mSELECT "users".* FROM "users"[0m
Completed 200 OK in 22ms (Views: 10.7ms | ActiveRecord: 11.2ms)


  [1m[35m (1.0ms)[0m  [1m[34mSELECT "schema_migrations"."version" FROM "schema_migrations" ORDER BY "schema_migrations"."version" ASC[0m
  [1m[35m (0.4ms)[0m  [1m[34mSELECT "ar_internal_metadata"."value" FROM "ar_internal_metadata" WHERE "ar_internal_metadata"."key" = $1[0m  [["key", "environment"]]
  [1m[35m (0.3ms)[0m  [1m[34mSELECT "schema_migrations"."version" FROM "schema_migrations" ORDER BY "schema_migrations"."version" ASC[0m
  [1m[35m (0.2ms)[0m  [1m[34mSELECT "ar_internal_metadata"."value" FROM "ar_internal_metadata" WHERE "ar_internal_metadata"."key" = $1[0m  [["key", "environment"]]
  [1m[35m (0.3ms)[0m  [1m[34mSELECT "schema_migrations"."version" FROM "schema_migrations" ORDER BY "schema_migrations"."version" ASC[0m
  [1m[35m (0.2ms)[0m  [1m[34mSELECT "ar_internal_metadata"."value" FROM "ar_internal_metadata" WHERE "ar_internal_metadata"."key" = $1[0m  [["key", "environment"]]
  [1m[35m (124.8ms)[0m  [1m[35mDROP DATABASE IF EXISTS "final_project_api_development"[0m
  [1m[35m (123.2ms)[0m  [1m[35mDROP DATABASE IF EXISTS "final_project_api_test"[0m
  [1m[35m (361.0ms)[0m  [1m[35mCREATE DATABASE "final_project_api_development" ENCODING = 'unicode'[0m
  [1m[35m (246.8ms)[0m  [1m[35mCREATE DATABASE "final_project_api_test" ENCODING = 'unicode'[0m
  [1m[35m (5.4ms)[0m  [1m[35mCREATE TABLE "schema_migrations" ("version" character varying NOT NULL PRIMARY KEY)[0m
  [1m[35m (3.6ms)[0m  [1m[35mCREATE TABLE "ar_internal_metadata" ("key" character varying NOT NULL PRIMARY KEY, "value" character varying, "created_at" timestamp NOT NULL, "updated_at" timestamp NOT NULL)[0m
  [1m[35m (0.2ms)[0m  [1m[34mSELECT pg_try_advisory_lock(1347200930821886805);[0m
  [1m[35m (0.7ms)[0m  [1m[34mSELECT "schema_migrations"."version" FROM "schema_migrations" ORDER BY "schema_migrations"."version" ASC[0m
Migrating to CreateUsers (20170720085412)
  [1m[35m (0.2ms)[0m  [1m[35mBEGIN[0m
  [1m[35m (4.2ms)[0m  [1m[35mCREATE TABLE "users" ("id" bigserial primary key, "username" character varying, "firstname" character varying, "lastname" character varying, "created_at" timestamp NOT NULL, "updated_at" timestamp NOT NULL)[0m
  [1m[35mSQL (0.5ms)[0m  [1m[32mINSERT INTO "schema_migrations" ("version") VALUES ($1) RETURNING "version"[0m  [["version", "20170720085412"]]
  [1m[35m (0.5ms)[0m  [1m[35mCOMMIT[0m
  [1m[36mActiveRecord::InternalMetadata Load (0.4ms)[0m  [1m[34mSELECT  "ar_internal_metadata".* FROM "ar_internal_metadata" WHERE "ar_internal_metadata"."key" = $1 LIMIT $2[0m  [["key", "environment"], ["LIMIT", 1]]
  [1m[35m (0.2ms)[0m  [1m[35mBEGIN[0m
  [1m[35mSQL (0.5ms)[0m  [1m[32mINSERT INTO "ar_internal_metadata" ("key", "value", "created_at", "updated_at") VALUES ($1, $2, $3, $4) RETURNING "key"[0m  [["key", "environment"], ["value", "development"], ["created_at", "2017-07-20 09:10:15.064162"], ["updated_at", "2017-07-20 09:10:15.064162"]]
  [1m[35m (0.4ms)[0m  [1m[35mCOMMIT[0m
  [1m[35m (0.2ms)[0m  [1m[34mSELECT pg_advisory_unlock(1347200930821886805)[0m
  [1m[35m (0.3ms)[0m  [1m[34mSELECT "schema_migrations"."version" FROM "schema_migrations" ORDER BY "schema_migrations"."version" ASC[0m
  [1m[35m (0.3ms)[0m  [1m[34mSELECT "schema_migrations"."version" FROM "schema_migrations" ORDER BY "schema_migrations"."version" ASC[0m
  [1m[35m (3.8ms)[0m  [1m[35mTRUNCATE users RESTART IDENTITY CASCADE[0m
  [1m[35m (0.3ms)[0m  [1m[35mBEGIN[0m
  [1m[35mSQL (0.7ms)[0m  [1m[32mINSERT INTO "users" ("username", "firstname", "lastname", "created_at", "updated_at") VALUES ($1, $2, $3, $4, $5) RETURNING "id"[0m  [["username", "mickyginger"], ["firstname", "Mike"], ["lastname", "Hayden"], ["created_at", "2017-07-20 09:10:15.119609"], ["updated_at", "2017-07-20 09:10:15.119609"]]
  [1m[35m (0.4ms)[0m  [1m[35mCOMMIT[0m
  [1m[35m (0.1ms)[0m  [1m[35mBEGIN[0m
  [1m[35mSQL (0.3ms)[0m  [1m[32mINSERT INTO "users" ("username", "firstname", "lastname", "created_at", "updated_at") VALUES ($1, $2, $3, $4, $5) RETURNING "id"[0m  [["username", "eisacke"], ["firstname", "Emily"], ["lastname", "Isacke"], ["created_at", "2017-07-20 09:10:15.122334"], ["updated_at", "2017-07-20 09:10:15.122334"]]
  [1m[35m (0.3ms)[0m  [1m[35mCOMMIT[0m
  [1m[35m (0.1ms)[0m  [1m[35mBEGIN[0m
  [1m[35mSQL (0.4ms)[0m  [1m[32mINSERT INTO "users" ("username", "firstname", "lastname", "created_at", "updated_at") VALUES ($1, $2, $3, $4, $5) RETURNING "id"[0m  [["username", "markyjangles"], ["firstname", "Marc"], ["lastname", "De Vois"], ["created_at", "2017-07-20 09:10:15.124056"], ["updated_at", "2017-07-20 09:10:15.124056"]]
  [1m[35m (0.3ms)[0m  [1m[35mCOMMIT[0m
Started GET "/api/users" for 127.0.0.1 at 2017-07-20 10:10:20 +0100
  [1m[35m (0.8ms)[0m  [1m[34mSELECT "schema_migrations"."version" FROM "schema_migrations" ORDER BY "schema_migrations"."version" ASC[0m
Processing by UsersController#index as HTML
  [1m[36mUser Load (0.6ms)[0m  [1m[34mSELECT "users".* FROM "users"[0m
Completed 200 OK in 16ms (Views: 7.7ms | ActiveRecord: 6.0ms)


  [1m[35m (0.9ms)[0m  [1m[34mSELECT "schema_migrations"."version" FROM "schema_migrations" ORDER BY "schema_migrations"."version" ASC[0m
  [1m[35m (0.3ms)[0m  [1m[34mSELECT pg_try_advisory_lock(1347200930821886805);[0m
  [1m[35m (0.3ms)[0m  [1m[34mSELECT "schema_migrations"."version" FROM "schema_migrations" ORDER BY "schema_migrations"."version" ASC[0m
Migrating to CreateUsers (20170720085412)
  [1m[35m (0.2ms)[0m  [1m[35mBEGIN[0m
  [1m[35m (4.0ms)[0m  [1m[35mDROP TABLE "users"[0m
  [1m[35mSQL (0.7ms)[0m  [1m[31mDELETE FROM "schema_migrations" WHERE "schema_migrations"."version" = $1[0m  [["version", "20170720085412"]]
  [1m[35m (1.9ms)[0m  [1m[35mCOMMIT[0m
  [1m[35m (0.3ms)[0m  [1m[34mSELECT pg_advisory_unlock(1347200930821886805)[0m
  [1m[35m (0.3ms)[0m  [1m[34mSELECT "schema_migrations"."version" FROM "schema_migrations" ORDER BY "schema_migrations"."version" ASC[0m
  [1m[35m (0.3ms)[0m  [1m[34mSELECT "schema_migrations"."version" FROM "schema_migrations" ORDER BY "schema_migrations"."version" ASC[0m
  [1m[35m (0.2ms)[0m  [1m[34mSELECT "schema_migrations"."version" FROM "schema_migrations" ORDER BY "schema_migrations"."version" ASC[0m
  [1m[35m (128.2ms)[0m  [1m[35mDROP DATABASE IF EXISTS "final_project_api_development"[0m
  [1m[35m (128.4ms)[0m  [1m[35mDROP DATABASE IF EXISTS "final_project_api_test"[0m
  [1m[35m (0.8ms)[0m  [1m[34mSELECT "schema_migrations"."version" FROM "schema_migrations" ORDER BY "schema_migrations"."version" ASC[0m
  [1m[35m (0.4ms)[0m  [1m[34mSELECT "ar_internal_metadata"."value" FROM "ar_internal_metadata" WHERE "ar_internal_metadata"."key" = $1[0m  [["key", "environment"]]
  [1m[35m (0.2ms)[0m  [1m[34mSELECT "schema_migrations"."version" FROM "schema_migrations" ORDER BY "schema_migrations"."version" ASC[0m
  [1m[35m (0.2ms)[0m  [1m[34mSELECT "ar_internal_metadata"."value" FROM "ar_internal_metadata" WHERE "ar_internal_metadata"."key" = $1[0m  [["key", "environment"]]
  [1m[35m (0.2ms)[0m  [1m[34mSELECT "schema_migrations"."version" FROM "schema_migrations" ORDER BY "schema_migrations"."version" ASC[0m
  [1m[35m (0.2ms)[0m  [1m[34mSELECT "ar_internal_metadata"."value" FROM "ar_internal_metadata" WHERE "ar_internal_metadata"."key" = $1[0m  [["key", "environment"]]
  [1m[35m (205.2ms)[0m  [1m[35mDROP DATABASE IF EXISTS "final_project_api_development"[0m
  [1m[35m (199.2ms)[0m  [1m[35mDROP DATABASE IF EXISTS "final_project_api_test"[0m
  [1m[35m (5.5ms)[0m  [1m[35mCREATE TABLE "schema_migrations" ("version" character varying NOT NULL PRIMARY KEY)[0m
  [1m[35m (3.8ms)[0m  [1m[35mCREATE TABLE "ar_internal_metadata" ("key" character varying NOT NULL PRIMARY KEY, "value" character varying, "created_at" timestamp NOT NULL, "updated_at" timestamp NOT NULL)[0m
  [1m[35m (0.3ms)[0m  [1m[34mSELECT pg_try_advisory_lock(1347200930821886805);[0m
  [1m[35m (0.6ms)[0m  [1m[34mSELECT "schema_migrations"."version" FROM "schema_migrations" ORDER BY "schema_migrations"."version" ASC[0m
Migrating to CreateIdeas (20170720135421)
  [1m[35m (0.3ms)[0m  [1m[35mBEGIN[0m
  [1m[35m (4.8ms)[0m  [1m[35mCREATE TABLE "ideas" ("id" bigserial primary key, "title" character varying, "pitch" character varying, "description" text, "image" character varying, "campaign_duration" integer, "who_we_need" text, "benefits_for_you" text, "created_at" timestamp NOT NULL, "updated_at" timestamp NOT NULL)[0m
  [1m[35mSQL (0.5ms)[0m  [1m[32mINSERT INTO "schema_migrations" ("version") VALUES ($1) RETURNING "version"[0m  [["version", "20170720135421"]]
  [1m[35m (0.4ms)[0m  [1m[35mCOMMIT[0m
Migrating to CreateFirstNames (20170720135720)
  [1m[35m (0.5ms)[0m  [1m[35mBEGIN[0m
  [1m[35m (6.5ms)[0m  [1m[35mCREATE TABLE "first_names" ("id" bigserial primary key, "last_name" character varying, "username" character varying, "email" character varying, "image" character varying, "github_id" integer, "facbook_id" character varying, "created_at" timestamp NOT NULL, "updated_at" timestamp NOT NULL)[0m
  [1m[35mSQL (0.5ms)[0m  [1m[32mINSERT INTO "schema_migrations" ("version") VALUES ($1) RETURNING "version"[0m  [["version", "20170720135720"]]
  [1m[35m (0.6ms)[0m  [1m[35mCOMMIT[0m
Migrating to CreateComments (20170720135810)
  [1m[35m (0.4ms)[0m  [1m[35mBEGIN[0m
  [1m[35m (7.1ms)[0m  [1m[35mCREATE TABLE "comments" ("id" bigserial primary key, "subject" character varying, "body" text, "user_id" bigint, "idea_id" bigint, "created_at" timestamp NOT NULL, "updated_at" timestamp NOT NULL, CONSTRAINT "fk_rails_03de2dc08c"
FOREIGN KEY ("user_id")
  REFERENCES "users" ("id")
, CONSTRAINT "fk_rails_7fbb3b1416"
FOREIGN KEY ("idea_id")
  REFERENCES "ideas" ("id")
)[0m
  [1m[35m (0.2ms)[0m  [1m[31mROLLBACK[0m
  [1m[35m (0.4ms)[0m  [1m[34mSELECT pg_advisory_unlock(1347200930821886805)[0m
  [1m[35m (0.8ms)[0m  [1m[34mSELECT "schema_migrations"."version" FROM "schema_migrations" ORDER BY "schema_migrations"."version" ASC[0m
  [1m[35m (0.3ms)[0m  [1m[34mSELECT "ar_internal_metadata"."value" FROM "ar_internal_metadata" WHERE "ar_internal_metadata"."key" = $1[0m  [["key", "environment"]]
  [1m[36mActiveRecord::InternalMetadata Load (0.6ms)[0m  [1m[34mSELECT  "ar_internal_metadata".* FROM "ar_internal_metadata" WHERE "ar_internal_metadata"."key" = $1 LIMIT $2[0m  [["key", "environment"], ["LIMIT", 1]]
  [1m[35m (0.2ms)[0m  [1m[35mBEGIN[0m
  [1m[35mSQL (0.7ms)[0m  [1m[32mINSERT INTO "ar_internal_metadata" ("key", "value", "created_at", "updated_at") VALUES ($1, $2, $3, $4) RETURNING "key"[0m  [["key", "environment"], ["value", "development"], ["created_at", "2017-07-20 14:11:13.002132"], ["updated_at", "2017-07-20 14:11:13.002132"]]
  [1m[35m (0.8ms)[0m  [1m[35mCOMMIT[0m
  [1m[35m (0.8ms)[0m  [1m[34mSELECT "schema_migrations"."version" FROM "schema_migrations" ORDER BY "schema_migrations"."version" ASC[0m
  [1m[35m (0.4ms)[0m  [1m[34mSELECT "ar_internal_metadata"."value" FROM "ar_internal_metadata" WHERE "ar_internal_metadata"."key" = $1[0m  [["key", "environment"]]
  [1m[35m (0.2ms)[0m  [1m[34mSELECT "schema_migrations"."version" FROM "schema_migrations" ORDER BY "schema_migrations"."version" ASC[0m
  [1m[35m (0.2ms)[0m  [1m[34mSELECT "ar_internal_metadata"."value" FROM "ar_internal_metadata" WHERE "ar_internal_metadata"."key" = $1[0m  [["key", "environment"]]
  [1m[35m (0.2ms)[0m  [1m[34mSELECT "schema_migrations"."version" FROM "schema_migrations" ORDER BY "schema_migrations"."version" ASC[0m
  [1m[35m (0.2ms)[0m  [1m[34mSELECT "ar_internal_metadata"."value" FROM "ar_internal_metadata" WHERE "ar_internal_metadata"."key" = $1[0m  [["key", "environment"]]
  [1m[35m (203.3ms)[0m  [1m[35mDROP DATABASE IF EXISTS "final_project_api_development"[0m
  [1m[35m (192.5ms)[0m  [1m[35mDROP DATABASE IF EXISTS "final_project_api_test"[0m
  [1m[35m (5.7ms)[0m  [1m[35mCREATE TABLE "schema_migrations" ("version" character varying NOT NULL PRIMARY KEY)[0m
  [1m[35m (4.1ms)[0m  [1m[35mCREATE TABLE "ar_internal_metadata" ("key" character varying NOT NULL PRIMARY KEY, "value" character varying, "created_at" timestamp NOT NULL, "updated_at" timestamp NOT NULL)[0m
  [1m[35m (0.3ms)[0m  [1m[34mSELECT pg_try_advisory_lock(1347200930821886805);[0m
  [1m[35m (0.7ms)[0m  [1m[34mSELECT "schema_migrations"."version" FROM "schema_migrations" ORDER BY "schema_migrations"."version" ASC[0m
Migrating to CreateIdeas (20170720141136)
  [1m[35m (0.1ms)[0m  [1m[35mBEGIN[0m
  [1m[35m (5.2ms)[0m  [1m[35mCREATE TABLE "ideas" ("id" bigserial primary key, "title" character varying, "pitch" character varying, "description" text, "image" character varying, "campaign_duration" integer, "who_we_need" text, "benefits_for_you" text, "created_at" timestamp NOT NULL, "updated_at" timestamp NOT NULL)[0m
  [1m[35mSQL (0.5ms)[0m  [1m[32mINSERT INTO "schema_migrations" ("version") VALUES ($1) RETURNING "version"[0m  [["version", "20170720141136"]]
  [1m[35m (0.5ms)[0m  [1m[35mCOMMIT[0m
Migrating to CreateUsers (20170720141147)
  [1m[35m (0.3ms)[0m  [1m[35mBEGIN[0m
  [1m[35m (4.6ms)[0m  [1m[35mCREATE TABLE "users" ("id" bigserial primary key, "first_name" character varying, "last_name" character varying, "username" character varying, "email" character varying, "image" character varying, "github_id" integer, "facbook_id" character varying, "created_at" timestamp NOT NULL, "updated_at" timestamp NOT NULL)[0m
  [1m[35mSQL (0.4ms)[0m  [1m[32mINSERT INTO "schema_migrations" ("version") VALUES ($1) RETURNING "version"[0m  [["version", "20170720141147"]]
  [1m[35m (0.5ms)[0m  [1m[35mCOMMIT[0m
Migrating to CreateComments (20170720141159)
  [1m[35m (0.4ms)[0m  [1m[35mBEGIN[0m
  [1m[35m (9.1ms)[0m  [1m[35mCREATE TABLE "comments" ("id" bigserial primary key, "subject" character varying, "body" text, "user_id" bigint, "idea_id" bigint, "created_at" timestamp NOT NULL, "updated_at" timestamp NOT NULL, CONSTRAINT "fk_rails_03de2dc08c"
FOREIGN KEY ("user_id")
  REFERENCES "users" ("id")
, CONSTRAINT "fk_rails_7fbb3b1416"
FOREIGN KEY ("idea_id")
  REFERENCES "ideas" ("id")
)[0m
  [1m[35m (1.7ms)[0m  [1m[35mCREATE  INDEX  "index_comments_on_user_id" ON "comments"  ("user_id")[0m
  [1m[35m (1.9ms)[0m  [1m[35mCREATE  INDEX  "index_comments_on_idea_id" ON "comments"  ("idea_id")[0m
  [1m[35mSQL (0.5ms)[0m  [1m[32mINSERT INTO "schema_migrations" ("version") VALUES ($1) RETURNING "version"[0m  [["version", "20170720141159"]]
  [1m[35m (0.5ms)[0m  [1m[35mCOMMIT[0m
Migrating to CreateTags (20170720141204)
  [1m[35m (0.3ms)[0m  [1m[35mBEGIN[0m
  [1m[35m (8.4ms)[0m  [1m[35mCREATE TABLE "tags" ("id" bigserial primary key, "name" character varying, "created_at" timestamp NOT NULL, "updated_at" timestamp NOT NULL)[0m
  [1m[35mSQL (0.6ms)[0m  [1m[32mINSERT INTO "schema_migrations" ("version") VALUES ($1) RETURNING "version"[0m  [["version", "20170720141204"]]
  [1m[35m (0.7ms)[0m  [1m[35mCOMMIT[0m
  [1m[36mActiveRecord::InternalMetadata Load (0.4ms)[0m  [1m[34mSELECT  "ar_internal_metadata".* FROM "ar_internal_metadata" WHERE "ar_internal_metadata"."key" = $1 LIMIT $2[0m  [["key", "environment"], ["LIMIT", 1]]
  [1m[35m (0.2ms)[0m  [1m[35mBEGIN[0m
  [1m[35mSQL (0.5ms)[0m  [1m[32mINSERT INTO "ar_internal_metadata" ("key", "value", "created_at", "updated_at") VALUES ($1, $2, $3, $4) RETURNING "key"[0m  [["key", "environment"], ["value", "development"], ["created_at", "2017-07-20 14:13:04.807549"], ["updated_at", "2017-07-20 14:13:04.807549"]]
  [1m[35m (0.4ms)[0m  [1m[35mCOMMIT[0m
  [1m[35m (0.3ms)[0m  [1m[34mSELECT pg_advisory_unlock(1347200930821886805)[0m
  [1m[35m (0.3ms)[0m  [1m[34mSELECT "schema_migrations"."version" FROM "schema_migrations" ORDER BY "schema_migrations"."version" ASC[0m
  [1m[35m (0.8ms)[0m  [1m[34mSELECT "schema_migrations"."version" FROM "schema_migrations" ORDER BY "schema_migrations"."version" ASC[0m
  [1m[35m (0.2ms)[0m  [1m[34mSELECT pg_try_advisory_lock(1347200930821886805);[0m
  [1m[35m (0.2ms)[0m  [1m[34mSELECT "schema_migrations"."version" FROM "schema_migrations" ORDER BY "schema_migrations"."version" ASC[0m
Migrating to CreateTags (20170720141204)
  [1m[35m (0.1ms)[0m  [1m[35mBEGIN[0m
  [1m[35m (7.3ms)[0m  [1m[35mDROP TABLE "tags"[0m
  [1m[35mSQL (0.7ms)[0m  [1m[31mDELETE FROM "schema_migrations" WHERE "schema_migrations"."version" = $1[0m  [["version", "20170720141204"]]
  [1m[35m (1.7ms)[0m  [1m[35mCOMMIT[0m
  [1m[35m (0.3ms)[0m  [1m[34mSELECT pg_advisory_unlock(1347200930821886805)[0m
  [1m[35m (0.3ms)[0m  [1m[34mSELECT "schema_migrations"."version" FROM "schema_migrations" ORDER BY "schema_migrations"."version" ASC[0m
  [1m[35m (0.8ms)[0m  [1m[34mSELECT "schema_migrations"."version" FROM "schema_migrations" ORDER BY "schema_migrations"."version" ASC[0m
  [1m[35m (0.2ms)[0m  [1m[34mSELECT pg_try_advisory_lock(1347200930821886805);[0m
  [1m[35m (0.3ms)[0m  [1m[34mSELECT "schema_migrations"."version" FROM "schema_migrations" ORDER BY "schema_migrations"."version" ASC[0m
Migrating to CreateComments (20170720141159)
  [1m[35m (0.1ms)[0m  [1m[35mBEGIN[0m
  [1m[35m (3.5ms)[0m  [1m[35mDROP TABLE "comments"[0m
  [1m[35mSQL (0.6ms)[0m  [1m[31mDELETE FROM "schema_migrations" WHERE "schema_migrations"."version" = $1[0m  [["version", "20170720141159"]]
  [1m[35m (3.0ms)[0m  [1m[35mCOMMIT[0m
  [1m[35m (0.3ms)[0m  [1m[34mSELECT pg_advisory_unlock(1347200930821886805)[0m
  [1m[35m (0.3ms)[0m  [1m[34mSELECT "schema_migrations"."version" FROM "schema_migrations" ORDER BY "schema_migrations"."version" ASC[0m
  [1m[35m (0.8ms)[0m  [1m[34mSELECT "schema_migrations"."version" FROM "schema_migrations" ORDER BY "schema_migrations"."version" ASC[0m
  [1m[35m (0.2ms)[0m  [1m[34mSELECT pg_try_advisory_lock(1347200930821886805);[0m
  [1m[35m (0.2ms)[0m  [1m[34mSELECT "schema_migrations"."version" FROM "schema_migrations" ORDER BY "schema_migrations"."version" ASC[0m
Migrating to CreateUsers (20170720141147)
  [1m[35m (0.1ms)[0m  [1m[35mBEGIN[0m
  [1m[35m (2.1ms)[0m  [1m[35mDROP TABLE "users"[0m
  [1m[35mSQL (0.6ms)[0m  [1m[31mDELETE FROM "schema_migrations" WHERE "schema_migrations"."version" = $1[0m  [["version", "20170720141147"]]
  [1m[35m (2.9ms)[0m  [1m[35mCOMMIT[0m
  [1m[35m (0.4ms)[0m  [1m[34mSELECT pg_advisory_unlock(1347200930821886805)[0m
  [1m[35m (0.3ms)[0m  [1m[34mSELECT "schema_migrations"."version" FROM "schema_migrations" ORDER BY "schema_migrations"."version" ASC[0m
  [1m[35m (0.8ms)[0m  [1m[34mSELECT "schema_migrations"."version" FROM "schema_migrations" ORDER BY "schema_migrations"."version" ASC[0m
  [1m[35m (0.2ms)[0m  [1m[34mSELECT pg_try_advisory_lock(1347200930821886805);[0m
  [1m[35m (0.2ms)[0m  [1m[34mSELECT "schema_migrations"."version" FROM "schema_migrations" ORDER BY "schema_migrations"."version" ASC[0m
Migrating to CreateIdeas (20170720141136)
  [1m[35m (0.1ms)[0m  [1m[35mBEGIN[0m
  [1m[35m (2.1ms)[0m  [1m[35mDROP TABLE "ideas"[0m
  [1m[35mSQL (0.6ms)[0m  [1m[31mDELETE FROM "schema_migrations" WHERE "schema_migrations"."version" = $1[0m  [["version", "20170720141136"]]
  [1m[35m (2.9ms)[0m  [1m[35mCOMMIT[0m
  [1m[35m (0.3ms)[0m  [1m[34mSELECT pg_advisory_unlock(1347200930821886805)[0m
  [1m[35m (0.2ms)[0m  [1m[34mSELECT "schema_migrations"."version" FROM "schema_migrations" ORDER BY "schema_migrations"."version" ASC[0m
  [1m[35m (0.9ms)[0m  [1m[34mSELECT "schema_migrations"."version" FROM "schema_migrations" ORDER BY "schema_migrations"."version" ASC[0m
  [1m[35m (0.2ms)[0m  [1m[34mSELECT "schema_migrations"."version" FROM "schema_migrations" ORDER BY "schema_migrations"."version" ASC[0m
  [1m[35m (1.1ms)[0m  [1m[34mSELECT "schema_migrations"."version" FROM "schema_migrations" ORDER BY "schema_migrations"."version" ASC[0m
  [1m[35m (0.3ms)[0m  [1m[34mSELECT "schema_migrations"."version" FROM "schema_migrations" ORDER BY "schema_migrations"."version" ASC[0m
  [1m[35m (0.2ms)[0m  [1m[34mSELECT pg_try_advisory_lock(1347200930821886805);[0m
  [1m[35m (0.8ms)[0m  [1m[34mSELECT "schema_migrations"."version" FROM "schema_migrations" ORDER BY "schema_migrations"."version" ASC[0m
Migrating to CreateIdeas (20170720141136)
  [1m[35m (0.1ms)[0m  [1m[35mBEGIN[0m
  [1m[35m (6.0ms)[0m  [1m[35mCREATE TABLE "ideas" ("id" bigserial primary key, "title" character varying, "pitch" character varying, "description" text, "image" character varying, "campaign_duration" integer, "who_we_need" text, "benefits_for_you" text, "created_at" timestamp NOT NULL, "updated_at" timestamp NOT NULL)[0m
  [1m[35mSQL (0.4ms)[0m  [1m[32mINSERT INTO "schema_migrations" ("version") VALUES ($1) RETURNING "version"[0m  [["version", "20170720141136"]]
  [1m[35m (0.7ms)[0m  [1m[35mCOMMIT[0m
Migrating to CreateUsers (20170720141147)
  [1m[35m (0.4ms)[0m  [1m[35mBEGIN[0m
  [1m[35m (4.5ms)[0m  [1m[35mCREATE TABLE "users" ("id" bigserial primary key, "first_name" character varying, "last_name" character varying, "username" character varying, "email" character varying, "image" character varying, "github_id" integer, "facbook_id" character varying, "created_at" timestamp NOT NULL, "updated_at" timestamp NOT NULL)[0m
  [1m[35mSQL (0.3ms)[0m  [1m[32mINSERT INTO "schema_migrations" ("version") VALUES ($1) RETURNING "version"[0m  [["version", "20170720141147"]]
  [1m[35m (0.5ms)[0m  [1m[35mCOMMIT[0m
Migrating to CreateComments (20170720141159)
  [1m[35m (0.3ms)[0m  [1m[35mBEGIN[0m
  [1m[35m (7.1ms)[0m  [1m[35mCREATE TABLE "comments" ("id" bigserial primary key, "subject" character varying, "body" text, "user_id" bigint, "idea_id" bigint, "created_at" timestamp NOT NULL, "updated_at" timestamp NOT NULL, CONSTRAINT "fk_rails_03de2dc08c"
FOREIGN KEY ("user_id")
  REFERENCES "users" ("id")
, CONSTRAINT "fk_rails_7fbb3b1416"
FOREIGN KEY ("idea_id")
  REFERENCES "ideas" ("id")
)[0m
  [1m[35m (1.3ms)[0m  [1m[35mCREATE  INDEX  "index_comments_on_user_id" ON "comments"  ("user_id")[0m
  [1m[35m (1.2ms)[0m  [1m[35mCREATE  INDEX  "index_comments_on_idea_id" ON "comments"  ("idea_id")[0m
  [1m[35mSQL (0.4ms)[0m  [1m[32mINSERT INTO "schema_migrations" ("version") VALUES ($1) RETURNING "version"[0m  [["version", "20170720141159"]]
  [1m[35m (2.1ms)[0m  [1m[35mCOMMIT[0m
Migrating to CreateTags (20170720141204)
  [1m[35m (0.4ms)[0m  [1m[35mBEGIN[0m
  [1m[35m (4.8ms)[0m  [1m[35mCREATE TABLE "tags" ("id" bigserial primary key, "name" character varying, "created_at" timestamp NOT NULL, "updated_at" timestamp NOT NULL)[0m
  [1m[35mSQL (0.4ms)[0m  [1m[32mINSERT INTO "schema_migrations" ("version") VALUES ($1) RETURNING "version"[0m  [["version", "20170720141204"]]
  [1m[35m (0.5ms)[0m  [1m[35mCOMMIT[0m
  [1m[36mActiveRecord::InternalMetadata Load (0.8ms)[0m  [1m[34mSELECT  "ar_internal_metadata".* FROM "ar_internal_metadata" WHERE "ar_internal_metadata"."key" = $1 LIMIT $2[0m  [["key", "environment"], ["LIMIT", 1]]
  [1m[35m (0.2ms)[0m  [1m[35mBEGIN[0m
  [1m[35m (0.1ms)[0m  [1m[35mCOMMIT[0m
  [1m[35m (0.3ms)[0m  [1m[34mSELECT pg_advisory_unlock(1347200930821886805)[0m
  [1m[35m (0.4ms)[0m  [1m[34mSELECT "schema_migrations"."version" FROM "schema_migrations" ORDER BY "schema_migrations"."version" ASC[0m
  [1m[35m (0.2ms)[0m  [1m[34mSELECT pg_try_advisory_lock(1347200930821886805);[0m
  [1m[35m (0.8ms)[0m  [1m[34mSELECT "schema_migrations"."version" FROM "schema_migrations" ORDER BY "schema_migrations"."version" ASC[0m
Migrating to CreateJoinTableIdeasUsersLove (20170720143232)
  [1m[35m (0.1ms)[0m  [1m[35mBEGIN[0m
  [1m[35m (2.0ms)[0m  [1m[35mCREATE TABLE "ideas_users" ("idea_id" bigint NOT NULL, "user_id" bigint NOT NULL)[0m
  [1m[35mSQL (0.4ms)[0m  [1m[32mINSERT INTO "schema_migrations" ("version") VALUES ($1) RETURNING "version"[0m  [["version", "20170720143232"]]
  [1m[35m (2.1ms)[0m  [1m[35mCOMMIT[0m
Migrating to CreateJoinTableIdeasUsersJoin (20170720143255)
  [1m[35m (0.2ms)[0m  [1m[35mBEGIN[0m
  [1m[35m (0.5ms)[0m  [1m[35mCREATE TABLE "ideas_users" ("idea_id" bigint NOT NULL, "user_id" bigint NOT NULL)[0m
  [1m[35m (0.1ms)[0m  [1m[31mROLLBACK[0m
  [1m[35m (0.5ms)[0m  [1m[34mSELECT pg_advisory_unlock(1347200930821886805)[0m
  [1m[35m (0.3ms)[0m  [1m[34mSELECT pg_try_advisory_lock(1347200930821886805);[0m
  [1m[35m (0.8ms)[0m  [1m[34mSELECT "schema_migrations"."version" FROM "schema_migrations" ORDER BY "schema_migrations"."version" ASC[0m
Migrating to CreateJoinTableIdeasUsersJoin (20170720143255)
  [1m[35m (0.1ms)[0m  [1m[35mBEGIN[0m
  [1m[35m (0.2ms)[0m  [1m[31mROLLBACK[0m
  [1m[35m (0.3ms)[0m  [1m[34mSELECT pg_advisory_unlock(1347200930821886805)[0m
  [1m[35m (0.2ms)[0m  [1m[34mSELECT pg_try_advisory_lock(1347200930821886805);[0m
  [1m[35m (0.8ms)[0m  [1m[34mSELECT "schema_migrations"."version" FROM "schema_migrations" ORDER BY "schema_migrations"."version" ASC[0m
Migrating to CreateJoinTableIdeasUsersJoin (20170720143255)
  [1m[35m (0.1ms)[0m  [1m[35mBEGIN[0m
  [1m[35m (0.2ms)[0m  [1m[31mROLLBACK[0m
  [1m[35m (0.3ms)[0m  [1m[34mSELECT pg_advisory_unlock(1347200930821886805)[0m
  [1m[35m (0.2ms)[0m  [1m[34mSELECT pg_try_advisory_lock(1347200930821886805);[0m
  [1m[35m (0.8ms)[0m  [1m[34mSELECT "schema_migrations"."version" FROM "schema_migrations" ORDER BY "schema_migrations"."version" ASC[0m
Migrating to CreateJoinTableIdeasUsersJoin (20170720143255)
  [1m[35m (0.2ms)[0m  [1m[35mBEGIN[0m
  [1m[35m (0.1ms)[0m  [1m[31mROLLBACK[0m
  [1m[35m (0.3ms)[0m  [1m[34mSELECT pg_advisory_unlock(1347200930821886805)[0m
  [1m[35m (0.2ms)[0m  [1m[34mSELECT pg_try_advisory_lock(1347200930821886805);[0m
  [1m[35m (0.8ms)[0m  [1m[34mSELECT "schema_migrations"."version" FROM "schema_migrations" ORDER BY "schema_migrations"."version" ASC[0m
Migrating to CreateJoinTableIdeasUsersJoin (20170720143255)
  [1m[35m (0.1ms)[0m  [1m[35mBEGIN[0m
  [1m[35m (1.8ms)[0m  [1m[35mCREATE TABLE "idea_user_join" ("idea_id" bigint NOT NULL, "user_id" bigint NOT NULL)[0m
  [1m[35mSQL (0.4ms)[0m  [1m[32mINSERT INTO "schema_migrations" ("version") VALUES ($1) RETURNING "version"[0m  [["version", "20170720143255"]]
  [1m[35m (2.0ms)[0m  [1m[35mCOMMIT[0m
Migrating to CreateJoinTableIdeasTags (20170720143313)
  [1m[35m (0.2ms)[0m  [1m[35mBEGIN[0m
  [1m[35m (1.3ms)[0m  [1m[35mCREATE TABLE "ideas_tags" ("idea_id" bigint NOT NULL, "tag_id" bigint NOT NULL)[0m
  [1m[35mSQL (0.4ms)[0m  [1m[32mINSERT INTO "schema_migrations" ("version") VALUES ($1) RETURNING "version"[0m  [["version", "20170720143313"]]
  [1m[35m (0.4ms)[0m  [1m[35mCOMMIT[0m
  [1m[36mActiveRecord::InternalMetadata Load (0.4ms)[0m  [1m[34mSELECT  "ar_internal_metadata".* FROM "ar_internal_metadata" WHERE "ar_internal_metadata"."key" = $1 LIMIT $2[0m  [["key", "environment"], ["LIMIT", 1]]
  [1m[35m (0.2ms)[0m  [1m[35mBEGIN[0m
  [1m[35m (0.1ms)[0m  [1m[35mCOMMIT[0m
  [1m[35m (0.3ms)[0m  [1m[34mSELECT pg_advisory_unlock(1347200930821886805)[0m
  [1m[35m (0.2ms)[0m  [1m[34mSELECT "schema_migrations"."version" FROM "schema_migrations" ORDER BY "schema_migrations"."version" ASC[0m
  [1m[35m (0.2ms)[0m  [1m[34mSELECT pg_try_advisory_lock(1347200930821886805);[0m
  [1m[35m (0.8ms)[0m  [1m[34mSELECT "schema_migrations"."version" FROM "schema_migrations" ORDER BY "schema_migrations"."version" ASC[0m
  [1m[36mActiveRecord::InternalMetadata Load (0.4ms)[0m  [1m[34mSELECT  "ar_internal_metadata".* FROM "ar_internal_metadata" WHERE "ar_internal_metadata"."key" = $1 LIMIT $2[0m  [["key", "environment"], ["LIMIT", 1]]
  [1m[35m (0.2ms)[0m  [1m[35mBEGIN[0m
  [1m[35m (0.1ms)[0m  [1m[35mCOMMIT[0m
  [1m[35m (0.3ms)[0m  [1m[34mSELECT pg_advisory_unlock(1347200930821886805)[0m
  [1m[35m (0.4ms)[0m  [1m[34mSELECT "schema_migrations"."version" FROM "schema_migrations" ORDER BY "schema_migrations"."version" ASC[0m
  [1m[35m (0.9ms)[0m  [1m[34mSELECT "schema_migrations"."version" FROM "schema_migrations" ORDER BY "schema_migrations"."version" ASC[0m
  [1m[35m (0.3ms)[0m  [1m[34mSELECT pg_try_advisory_lock(1347200930821886805);[0m
  [1m[35m (0.2ms)[0m  [1m[34mSELECT "schema_migrations"."version" FROM "schema_migrations" ORDER BY "schema_migrations"."version" ASC[0m
Migrating to CreateJoinTableIdeasTags (20170720143313)
  [1m[35m (0.1ms)[0m  [1m[35mBEGIN[0m
  [1m[35m (1.1ms)[0m  [1m[35mDROP TABLE "ideas_tags"[0m
  [1m[35mSQL (0.6ms)[0m  [1m[31mDELETE FROM "schema_migrations" WHERE "schema_migrations"."version" = $1[0m  [["version", "20170720143313"]]
  [1m[35m (1.3ms)[0m  [1m[35mCOMMIT[0m
  [1m[35m (0.4ms)[0m  [1m[34mSELECT pg_advisory_unlock(1347200930821886805)[0m
  [1m[35m (0.3ms)[0m  [1m[34mSELECT "schema_migrations"."version" FROM "schema_migrations" ORDER BY "schema_migrations"."version" ASC[0m
  [1m[35m (0.8ms)[0m  [1m[34mSELECT "schema_migrations"."version" FROM "schema_migrations" ORDER BY "schema_migrations"."version" ASC[0m
  [1m[35m (0.2ms)[0m  [1m[34mSELECT pg_try_advisory_lock(1347200930821886805);[0m
  [1m[35m (0.2ms)[0m  [1m[34mSELECT "schema_migrations"."version" FROM "schema_migrations" ORDER BY "schema_migrations"."version" ASC[0m
Migrating to CreateJoinTableIdeasUsersJoin (20170720143255)
  [1m[35m (0.1ms)[0m  [1m[35mBEGIN[0m
  [1m[35m (1.1ms)[0m  [1m[35mDROP TABLE "idea_user_join"[0m
  [1m[35mSQL (0.6ms)[0m  [1m[31mDELETE FROM "schema_migrations" WHERE "schema_migrations"."version" = $1[0m  [["version", "20170720143255"]]
  [1m[35m (1.4ms)[0m  [1m[35mCOMMIT[0m
  [1m[35m (0.3ms)[0m  [1m[34mSELECT pg_advisory_unlock(1347200930821886805)[0m
  [1m[35m (0.2ms)[0m  [1m[34mSELECT "schema_migrations"."version" FROM "schema_migrations" ORDER BY "schema_migrations"."version" ASC[0m
  [1m[35m (0.8ms)[0m  [1m[34mSELECT "schema_migrations"."version" FROM "schema_migrations" ORDER BY "schema_migrations"."version" ASC[0m
  [1m[35m (0.2ms)[0m  [1m[34mSELECT pg_try_advisory_lock(1347200930821886805);[0m
  [1m[35m (0.2ms)[0m  [1m[34mSELECT "schema_migrations"."version" FROM "schema_migrations" ORDER BY "schema_migrations"."version" ASC[0m
Migrating to CreateJoinTableIdeasUsersLove (20170720143232)
  [1m[35m (0.1ms)[0m  [1m[35mBEGIN[0m
  [1m[35m (0.5ms)[0m  [1m[35mDROP TABLE "idea_user_love"[0m
  [1m[35m (0.1ms)[0m  [1m[31mROLLBACK[0m
  [1m[35m (0.2ms)[0m  [1m[34mSELECT pg_advisory_unlock(1347200930821886805)[0m
  [1m[35m (0.9ms)[0m  [1m[34mSELECT "schema_migrations"."version" FROM "schema_migrations" ORDER BY "schema_migrations"."version" ASC[0m
  [1m[35m (0.2ms)[0m  [1m[34mSELECT pg_try_advisory_lock(1347200930821886805);[0m
  [1m[35m (0.2ms)[0m  [1m[34mSELECT "schema_migrations"."version" FROM "schema_migrations" ORDER BY "schema_migrations"."version" ASC[0m
Migrating to CreateJoinTableIdeasUsersLove (20170720143232)
  [1m[35m (0.2ms)[0m  [1m[35mBEGIN[0m
  [1m[35m (0.6ms)[0m  [1m[35mDROP TABLE "idea_user_love"[0m
  [1m[35m (0.1ms)[0m  [1m[31mROLLBACK[0m
  [1m[35m (0.2ms)[0m  [1m[34mSELECT pg_advisory_unlock(1347200930821886805)[0m
  [1m[35m (0.2ms)[0m  [1m[34mSELECT pg_try_advisory_lock(1347200930821886805);[0m
  [1m[35m (0.8ms)[0m  [1m[34mSELECT "schema_migrations"."version" FROM "schema_migrations" ORDER BY "schema_migrations"."version" ASC[0m
Migrating to CreateJoinTableIdeasUsersJoin (20170720143255)
  [1m[35m (0.1ms)[0m  [1m[35mBEGIN[0m
  [1m[35m (1.9ms)[0m  [1m[35mCREATE TABLE "ideas_users_join" ("idea_id" bigint NOT NULL, "user_id" bigint NOT NULL)[0m
  [1m[35mSQL (0.6ms)[0m  [1m[32mINSERT INTO "schema_migrations" ("version") VALUES ($1) RETURNING "version"[0m  [["version", "20170720143255"]]
  [1m[35m (2.0ms)[0m  [1m[35mCOMMIT[0m
Migrating to CreateJoinTableIdeasTags (20170720143313)
  [1m[35m (0.2ms)[0m  [1m[35mBEGIN[0m
  [1m[35m (1.3ms)[0m  [1m[35mCREATE TABLE "ideas_tags" ("idea_id" bigint NOT NULL, "tag_id" bigint NOT NULL)[0m
  [1m[35mSQL (0.4ms)[0m  [1m[32mINSERT INTO "schema_migrations" ("version") VALUES ($1) RETURNING "version"[0m  [["version", "20170720143313"]]
  [1m[35m (0.5ms)[0m  [1m[35mCOMMIT[0m
  [1m[36mActiveRecord::InternalMetadata Load (0.4ms)[0m  [1m[34mSELECT  "ar_internal_metadata".* FROM "ar_internal_metadata" WHERE "ar_internal_metadata"."key" = $1 LIMIT $2[0m  [["key", "environment"], ["LIMIT", 1]]
  [1m[35m (0.2ms)[0m  [1m[35mBEGIN[0m
  [1m[35m (0.1ms)[0m  [1m[35mCOMMIT[0m
  [1m[35m (0.3ms)[0m  [1m[34mSELECT pg_advisory_unlock(1347200930821886805)[0m
  [1m[35m (0.4ms)[0m  [1m[34mSELECT "schema_migrations"."version" FROM "schema_migrations" ORDER BY "schema_migrations"."version" ASC[0m
  [1m[35m (0.2ms)[0m  [1m[34mSELECT pg_try_advisory_lock(1347200930821886805);[0m
  [1m[35m (0.9ms)[0m  [1m[34mSELECT "schema_migrations"."version" FROM "schema_migrations" ORDER BY "schema_migrations"."version" ASC[0m
Migrating to CreateJoinTableIdeasUsersLove (20170720143400)
  [1m[35m (0.1ms)[0m  [1m[35mBEGIN[0m
  [1m[35m (2.3ms)[0m  [1m[35mCREATE TABLE "idea_user_love" ("idea_id" bigint NOT NULL, "user_id" bigint NOT NULL)[0m
  [1m[35mSQL (0.5ms)[0m  [1m[32mINSERT INTO "schema_migrations" ("version") VALUES ($1) RETURNING "version"[0m  [["version", "20170720143400"]]
  [1m[35m (2.1ms)[0m  [1m[35mCOMMIT[0m
  [1m[36mActiveRecord::InternalMetadata Load (0.4ms)[0m  [1m[34mSELECT  "ar_internal_metadata".* FROM "ar_internal_metadata" WHERE "ar_internal_metadata"."key" = $1 LIMIT $2[0m  [["key", "environment"], ["LIMIT", 1]]
  [1m[35m (0.2ms)[0m  [1m[35mBEGIN[0m
  [1m[35m (0.1ms)[0m  [1m[35mCOMMIT[0m
  [1m[35m (0.3ms)[0m  [1m[34mSELECT pg_advisory_unlock(1347200930821886805)[0m
  [1m[35m (0.4ms)[0m  [1m[34mSELECT "schema_migrations"."version" FROM "schema_migrations" ORDER BY "schema_migrations"."version" ASC[0m
  [1m[35m (0.8ms)[0m  [1m[34mSELECT "schema_migrations"."version" FROM "schema_migrations" ORDER BY "schema_migrations"."version" ASC[0m
  [1m[35m (0.3ms)[0m  [1m[34mSELECT pg_try_advisory_lock(1347200930821886805);[0m
  [1m[35m (0.2ms)[0m  [1m[34mSELECT "schema_migrations"."version" FROM "schema_migrations" ORDER BY "schema_migrations"."version" ASC[0m
Migrating to CreateJoinTableIdeasUsersLove (20170720143400)
  [1m[35m (0.1ms)[0m  [1m[35mBEGIN[0m
  [1m[35m (1.0ms)[0m  [1m[35mDROP TABLE "idea_user_love"[0m
  [1m[35mSQL (0.6ms)[0m  [1m[31mDELETE FROM "schema_migrations" WHERE "schema_migrations"."version" = $1[0m  [["version", "20170720143400"]]
  [1m[35m (2.5ms)[0m  [1m[35mCOMMIT[0m
  [1m[35m (0.3ms)[0m  [1m[34mSELECT pg_advisory_unlock(1347200930821886805)[0m
  [1m[35m (0.3ms)[0m  [1m[34mSELECT "schema_migrations"."version" FROM "schema_migrations" ORDER BY "schema_migrations"."version" ASC[0m
  [1m[35m (0.2ms)[0m  [1m[34mSELECT pg_try_advisory_lock(1347200930821886805);[0m
  [1m[35m (0.8ms)[0m  [1m[34mSELECT "schema_migrations"."version" FROM "schema_migrations" ORDER BY "schema_migrations"."version" ASC[0m
Migrating to CreateJoinTableIdeasUsersLove (20170720143400)
  [1m[35m (0.1ms)[0m  [1m[35mBEGIN[0m
  [1m[35m (2.0ms)[0m  [1m[35mCREATE TABLE "ideas_users_love" ("idea_id" bigint NOT NULL, "user_id" bigint NOT NULL)[0m
  [1m[35mSQL (0.5ms)[0m  [1m[32mINSERT INTO "schema_migrations" ("version") VALUES ($1) RETURNING "version"[0m  [["version", "20170720143400"]]
  [1m[35m (1.7ms)[0m  [1m[35mCOMMIT[0m
  [1m[36mActiveRecord::InternalMetadata Load (0.4ms)[0m  [1m[34mSELECT  "ar_internal_metadata".* FROM "ar_internal_metadata" WHERE "ar_internal_metadata"."key" = $1 LIMIT $2[0m  [["key", "environment"], ["LIMIT", 1]]
  [1m[35m (0.2ms)[0m  [1m[35mBEGIN[0m
  [1m[35m (0.1ms)[0m  [1m[35mCOMMIT[0m
  [1m[35m (0.4ms)[0m  [1m[34mSELECT pg_advisory_unlock(1347200930821886805)[0m
  [1m[35m (0.5ms)[0m  [1m[34mSELECT "schema_migrations"."version" FROM "schema_migrations" ORDER BY "schema_migrations"."version" ASC[0m
Started GET "/" for 127.0.0.1 at 2017-07-20 16:45:04 +0100
  [1m[35m (1.0ms)[0m  [1m[34mSELECT "schema_migrations"."version" FROM "schema_migrations" ORDER BY "schema_migrations"."version" ASC[0m
Processing by Rails::WelcomeController#index as */*
  Parameters: {"subject"=>"two to one", "body"=>"message from two to one", "sender_id"=>2, "receiver_id"=>1, "welcome"=>{"subject"=>"two to one", "body"=>"message from two to one", "sender_id"=>2, "receiver_id"=>1}}
  Rendering /Users/maxeskell/.rbenv/versions/2.3.1/lib/ruby/gems/2.3.0/gems/railties-5.1.2/lib/rails/templates/rails/welcome/index.html.erb
  Rendered /Users/maxeskell/.rbenv/versions/2.3.1/lib/ruby/gems/2.3.0/gems/railties-5.1.2/lib/rails/templates/rails/welcome/index.html.erb (5.5ms)
Completed 200 OK in 54ms (Views: 32.1ms | ActiveRecord: 0.0ms)


Started GET "/users" for 127.0.0.1 at 2017-07-20 16:45:12 +0100
  
ActionController::RoutingError (No route matches [GET] "/users"):
  
actionpack (5.1.2) lib/action_dispatch/middleware/debug_exceptions.rb:63:in `call'
actionpack (5.1.2) lib/action_dispatch/middleware/show_exceptions.rb:31:in `call'
railties (5.1.2) lib/rails/rack/logger.rb:36:in `call_app'
railties (5.1.2) lib/rails/rack/logger.rb:24:in `block in call'
activesupport (5.1.2) lib/active_support/tagged_logging.rb:69:in `block in tagged'
activesupport (5.1.2) lib/active_support/tagged_logging.rb:26:in `tagged'
activesupport (5.1.2) lib/active_support/tagged_logging.rb:69:in `tagged'
railties (5.1.2) lib/rails/rack/logger.rb:24:in `call'
actionpack (5.1.2) lib/action_dispatch/middleware/remote_ip.rb:79:in `call'
actionpack (5.1.2) lib/action_dispatch/middleware/request_id.rb:25:in `call'
rack (2.0.3) lib/rack/runtime.rb:22:in `call'
activesupport (5.1.2) lib/active_support/cache/strategy/local_cache_middleware.rb:27:in `call'
actionpack (5.1.2) lib/action_dispatch/middleware/executor.rb:12:in `call'
actionpack (5.1.2) lib/action_dispatch/middleware/static.rb:125:in `call'
rack (2.0.3) lib/rack/sendfile.rb:111:in `call'
rack-cors (1.0.0) lib/rack/cors.rb:93:in `call'
railties (5.1.2) lib/rails/engine.rb:522:in `call'
puma (3.9.1) lib/puma/configuration.rb:224:in `call'
puma (3.9.1) lib/puma/server.rb:602:in `handle_request'
puma (3.9.1) lib/puma/server.rb:435:in `process_client'
puma (3.9.1) lib/puma/server.rb:299:in `block in run'
puma (3.9.1) lib/puma/thread_pool.rb:120:in `block in spawn_thread'
Started GET "/api/users" for 127.0.0.1 at 2017-07-20 16:45:19 +0100
Processing by UsersController#index as */*
  Parameters: {"subject"=>"two to one", "body"=>"message from two to one", "sender_id"=>2, "receiver_id"=>1, "user"=>{}}
  [1m[36mUser Load (0.9ms)[0m  [1m[34mSELECT "users".* FROM "users"[0m
[active_model_serializers] Rendered ActiveModel::Serializer::CollectionSerializer with ActiveModelSerializers::Adapter::Attributes (0.18ms)
Completed 200 OK in 13ms (Views: 11.6ms | ActiveRecord: 16.0ms)


  [1m[35m (0.2ms)[0m  [1m[34mSELECT pg_try_advisory_lock(1347200930821886805);[0m
  [1m[35m (0.8ms)[0m  [1m[34mSELECT "schema_migrations"."version" FROM "schema_migrations" ORDER BY "schema_migrations"."version" ASC[0m
Migrating to AddUserToIdea (20170720160125)
  [1m[35m (0.1ms)[0m  [1m[35mBEGIN[0m
  [1m[35m (5.4ms)[0m  [1m[35mALTER TABLE "ideas" ADD "user_id" bigint[0m
  [1m[35m (3.0ms)[0m  [1m[35mCREATE  INDEX  "index_ideas_on_user_id" ON "ideas"  ("user_id")[0m
  [1m[35m (5.9ms)[0m  [1m[35mALTER TABLE "ideas" ADD CONSTRAINT "fk_rails_e4e812f218"
FOREIGN KEY ("user_id")
  REFERENCES "users" ("id")
[0m
  [1m[35mSQL (0.4ms)[0m  [1m[32mINSERT INTO "schema_migrations" ("version") VALUES ($1) RETURNING "version"[0m  [["version", "20170720160125"]]
  [1m[35m (36.7ms)[0m  [1m[35mCOMMIT[0m
  [1m[36mActiveRecord::InternalMetadata Load (0.3ms)[0m  [1m[34mSELECT  "ar_internal_metadata".* FROM "ar_internal_metadata" WHERE "ar_internal_metadata"."key" = $1 LIMIT $2[0m  [["key", "environment"], ["LIMIT", 1]]
  [1m[35m (0.1ms)[0m  [1m[35mBEGIN[0m
  [1m[35m (0.1ms)[0m  [1m[35mCOMMIT[0m
  [1m[35m (0.2ms)[0m  [1m[34mSELECT pg_advisory_unlock(1347200930821886805)[0m
  [1m[35m (0.3ms)[0m  [1m[34mSELECT "schema_migrations"."version" FROM "schema_migrations" ORDER BY "schema_migrations"."version" ASC[0m
  [1m[35m (0.8ms)[0m  [1m[34mSELECT "schema_migrations"."version" FROM "schema_migrations" ORDER BY "schema_migrations"."version" ASC[0m
  [1m[35m (65.1ms)[0m  [1m[35mTRUNCATE users RESTART IDENTITY CASCADE[0m
  [1m[35m (0.8ms)[0m  [1m[34mSELECT "schema_migrations"."version" FROM "schema_migrations" ORDER BY "schema_migrations"."version" ASC[0m
  [1m[35m (14.3ms)[0m  [1m[35mTRUNCATE users RESTART IDENTITY CASCADE[0m
  [1m[35m (0.2ms)[0m  [1m[35mBEGIN[0m
  [1m[36mUser Exists (1.1ms)[0m  [1m[34mSELECT  1 AS one FROM "users" WHERE "users"."username" = $1 LIMIT $2[0m  [["username", "mickyginger"], ["LIMIT", 1]]
  [1m[36mUser Exists (0.3ms)[0m  [1m[34mSELECT  1 AS one FROM "users" WHERE "users"."email" IS NULL LIMIT $1[0m  [["LIMIT", 1]]
  [1m[35m (0.1ms)[0m  [1m[31mROLLBACK[0m
  [1m[35m (0.8ms)[0m  [1m[34mSELECT "schema_migrations"."version" FROM "schema_migrations" ORDER BY "schema_migrations"."version" ASC[0m
  [1m[35m (14.2ms)[0m  [1m[35mTRUNCATE users RESTART IDENTITY CASCADE[0m
  [1m[35m (0.2ms)[0m  [1m[35mBEGIN[0m
  [1m[36mUser Exists (0.8ms)[0m  [1m[34mSELECT  1 AS one FROM "users" WHERE "users"."username" = $1 LIMIT $2[0m  [["username", "mickyginger"], ["LIMIT", 1]]
  [1m[36mUser Exists (0.3ms)[0m  [1m[34mSELECT  1 AS one FROM "users" WHERE "users"."email" = $1 LIMIT $2[0m  [["email", "mickyginger@ga.com"], ["LIMIT", 1]]
  [1m[35m (0.1ms)[0m  [1m[31mROLLBACK[0m
  [1m[35m (1.1ms)[0m  [1m[34mSELECT "schema_migrations"."version" FROM "schema_migrations" ORDER BY "schema_migrations"."version" ASC[0m
  [1m[35m (16.7ms)[0m  [1m[35mTRUNCATE users RESTART IDENTITY CASCADE[0m
  [1m[35m (0.2ms)[0m  [1m[35mBEGIN[0m
  [1m[36mUser Exists (0.8ms)[0m  [1m[34mSELECT  1 AS one FROM "users" WHERE "users"."username" = $1 LIMIT $2[0m  [["username", "mickyginger"], ["LIMIT", 1]]
  [1m[36mUser Exists (0.3ms)[0m  [1m[34mSELECT  1 AS one FROM "users" WHERE "users"."email" = $1 LIMIT $2[0m  [["email", "mickyginger@ga.com"], ["LIMIT", 1]]
  [1m[35m (0.1ms)[0m  [1m[31mROLLBACK[0m
